<?xml version="1.0" encoding="UTF-8"?>
<testng-results ignored="3" total="4" passed="0" failed="1" skipped="0">
  <reporter-output>
    <line>
      <![CDATA[checkingParticularMedicalHistoryTest---> Test Script execution started]]>
    </line>
    <line>
      <![CDATA[checkingParticularMedicalHistoryTest---> TestScript Failed]]>
    </line>
  </reporter-output>
  <suite started-at="2023-08-10T13:32:47 IST" name="Default suite" finished-at="2023-08-10T13:33:06 IST" duration-ms="19793">
    <groups>
      <group name="system">
        <method signature="Patient_Test.checkingParticularMedicalHistoryTest(java.lang.String,java.lang.String)[pri:0, instance:patient_Module.Patient_Test@5fbe4146]" name="checkingParticularMedicalHistoryTest" class="patient_Module.Patient_Test"/>
      </group> <!-- system -->
      <group name="regression">
        <method signature="Patient_Test.checkingParticularMedicalHistoryTest(java.lang.String,java.lang.String)[pri:0, instance:patient_Module.Patient_Test@5fbe4146]" name="checkingParticularMedicalHistoryTest" class="patient_Module.Patient_Test"/>
      </group> <!-- regression -->
    </groups>
    <test started-at="2023-08-10T13:32:47 IST" name="Default test" finished-at="2023-08-10T13:33:06 IST" duration-ms="19793">
      <class name="patient_Module.Patient_Test">
        <test-method is-config="true" signature="beforeClass()[pri:0, instance:patient_Module.Patient_Test@5fbe4146]" started-at="2023-08-10T13:32:48 IST" name="beforeClass" finished-at="2023-08-10T13:33:00 IST" duration-ms="11613" status="PASS">
          <reporter-output>
          </reporter-output>
        </test-method> <!-- beforeClass -->
        <test-method is-config="true" signature="beforeMethod()[pri:0, instance:patient_Module.Patient_Test@5fbe4146]" started-at="2023-08-10T13:33:02 IST" name="beforeMethod" finished-at="2023-08-10T13:33:04 IST" duration-ms="2153" status="PASS">
          <reporter-output>
          </reporter-output>
        </test-method> <!-- beforeMethod -->
        <test-method signature="checkingParticularMedicalHistoryTest(java.lang.String,java.lang.String)[pri:0, instance:patient_Module.Patient_Test@5fbe4146]" started-at="2023-08-10T13:33:04 IST" name="checkingParticularMedicalHistoryTest" data-provider="dataMedicalHistory" finished-at="2023-08-10T13:33:05 IST" duration-ms="706" status="FAIL">
          <params>
            <param index="0">
              <value>
                <![CDATA[Users | Medical History]]>
              </value>
            </param>
            <param index="1">
              <value>
                <![CDATA[1.]]>
              </value>
            </param>
          </params>
          <exception class="java.lang.AssertionError">
            <message>
              <![CDATA[null]]>
            </message>
            <full-stacktrace>
              <![CDATA[java.lang.AssertionError: null
at org.testng.Assert.fail(Assert.java:110)
at org.testng.Assert.fail(Assert.java:115)
at patient_Module.Patient_Test.checkingParticularMedicalHistoryTest(Patient_Test.java:103)
at java.base/jdk.internal.reflect.NativeMethodAccessorImpl.invoke0(Native Method)
at java.base/jdk.internal.reflect.NativeMethodAccessorImpl.invoke(NativeMethodAccessorImpl.java:77)
at java.base/jdk.internal.reflect.DelegatingMethodAccessorImpl.invoke(DelegatingMethodAccessorImpl.java:43)
at java.base/java.lang.reflect.Method.invoke(Method.java:568)
at org.testng.internal.invokers.MethodInvocationHelper.invokeMethod(MethodInvocationHelper.java:139)
at org.testng.internal.invokers.TestInvoker.invokeMethod(TestInvoker.java:677)
at org.testng.internal.invokers.TestInvoker.invokeTestMethod(TestInvoker.java:221)
at org.testng.internal.invokers.MethodRunner.runInSequence(MethodRunner.java:50)
at org.testng.internal.invokers.TestInvoker$MethodInvocationAgent.invoke(TestInvoker.java:969)
at org.testng.internal.invokers.TestInvoker.invokeTestMethods(TestInvoker.java:194)
at org.testng.internal.invokers.TestMethodWorker.invokeTestMethods(TestMethodWorker.java:148)
at org.testng.internal.invokers.TestMethodWorker.run(TestMethodWorker.java:128)
at java.base/java.util.ArrayList.forEach(ArrayList.java:1511)
at org.testng.TestRunner.privateRun(TestRunner.java:829)
at org.testng.TestRunner.run(TestRunner.java:602)
at org.testng.SuiteRunner.runTest(SuiteRunner.java:437)
at org.testng.SuiteRunner.runSequentially(SuiteRunner.java:431)
at org.testng.SuiteRunner.privateRun(SuiteRunner.java:391)
at org.testng.SuiteRunner.run(SuiteRunner.java:330)
at org.testng.SuiteRunnerWorker.runSuite(SuiteRunnerWorker.java:52)
at org.testng.SuiteRunnerWorker.run(SuiteRunnerWorker.java:95)
at org.testng.TestNG.runSuitesSequentially(TestNG.java:1256)
at org.testng.TestNG.runSuitesLocally(TestNG.java:1176)
at org.testng.TestNG.runSuites(TestNG.java:1099)
at org.testng.TestNG.run(TestNG.java:1067)
at org.testng.remote.AbstractRemoteTestNG.run(AbstractRemoteTestNG.java:115)
at org.testng.remote.RemoteTestNG.initAndRun(RemoteTestNG.java:251)
at org.testng.remote.RemoteTestNG.main(RemoteTestNG.java:77)
]]>
            </full-stacktrace>
          </exception> <!-- java.lang.AssertionError -->
          <reporter-output>
            <line>
              <![CDATA[checkingParticularMedicalHistoryTest---> Test Script execution started]]>
            </line>
            <line>
              <![CDATA[checkingParticularMedicalHistoryTest---> TestScript Failed]]>
            </line>
          </reporter-output>
        </test-method> <!-- checkingParticularMedicalHistoryTest -->
        <test-method is-config="true" signature="afterMethod()[pri:0, instance:patient_Module.Patient_Test@5fbe4146]" started-at="2023-08-10T13:33:05 IST" name="afterMethod" finished-at="2023-08-10T13:33:06 IST" duration-ms="532" status="PASS">
          <reporter-output>
          </reporter-output>
        </test-method> <!-- afterMethod -->
        <test-method is-config="true" signature="afterClass()[pri:0, instance:patient_Module.Patient_Test@5fbe4146]" started-at="2023-08-10T13:33:06 IST" name="afterClass" finished-at="2023-08-10T13:33:06 IST" duration-ms="623" status="PASS">
          <reporter-output>
          </reporter-output>
        </test-method> <!-- afterClass -->
      </class> <!-- patient_Module.Patient_Test -->
    </test> <!-- Default test -->
  </suite> <!-- Default suite -->
</testng-results>
